<?xml version="1.0" encoding="UTF-8"?>
<!-- Generated by org.testng.reporters.JUnitReportReporter -->
<testsuite hostname="DESKTOP-UF0QSQ7" failures="0" tests="6" name="testCases.TC_003_DDT" time="68.134" errors="0" timestamp="2025-03-25T14:53:23 IST" skipped="0">
  <testcase classname="testCases.TC_003_DDT" name="veryfy_loginDDT" time="11.770"/>
  <testcase classname="testCases.TC_003_DDT" name="veryfy_loginDDT" time="12.332"/>
  <testcase classname="testCases.TC_003_DDT" name="veryfy_loginDDT" time="12.905"/>
  <testcase classname="testCases.TC_003_DDT" name="veryfy_loginDDT" time="12.100"/>
  <testcase classname="testCases.TC_003_DDT" name="veryfy_loginDDT" time="7.166"/>
  <testcase classname="testCases.TC_003_DDT" name="veryfy_loginDDT" time="11.861"/>
</testsuite> <!-- testCases.TC_003_DDT -->
