<?xml version="1.0" encoding="UTF-8"?>
<!-- Generated by org.testng.reporters.JUnitReportReporter -->
<testsuite hostname="DESKTOP-UF0QSQ7" failures="0" tests="1" name="testCases.TC001_AccountRegistrationTest" time="15.351" errors="0" timestamp="2025-04-06T13:24:15 IST" skipped="0">
  <testcase classname="testCases.TC001_AccountRegistrationTest" name="verify_account_registration" time="15.351"/>
</testsuite> <!-- testCases.TC001_AccountRegistrationTest -->
