<?xml version="1.0" encoding="UTF-8"?>
<!-- Generated by org.testng.reporters.JUnitReportReporter -->
<testsuite hostname="DESKTOP-UF0QSQ7" failures="0" tests="1" name="testCases.TC002_LoginTest" time="2.303" errors="0" timestamp="2025-04-08T12:42:04 IST" skipped="0">
  <testcase classname="testCases.TC002_LoginTest" name="verify_login" time="2.303"/>
</testsuite> <!-- testCases.TC002_LoginTest -->
